{"/home/shiki-01/WebstormProjects/serverless/functions/commandHandler.ts": {"path":"/home/shiki-01/WebstormProjects/serverless/functions/commandHandler.ts","statementMap":{"0":{"start":{"line":17,"column":0},"end":{"line":17,"column":7}},"1":{"start":{"line":1,"column":0},"end":{"line":1,"column":35}},"2":{"start":{"line":2,"column":0},"end":{"line":2,"column":59}},"3":{"start":{"line":4,"column":0},"end":{"line":4,"column":44}},"4":{"start":{"line":5,"column":0},"end":{"line":5,"column":50}},"5":{"start":{"line":7,"column":0},"end":{"line":7,"column":57}},"6":{"start":{"line":10,"column":17},"end":{"line":10,"column":46}},"7":{"start":{"line":13,"column":21},"end":{"line":13,"column":53}},"8":{"start":{"line":14,"column":14},"end":{"line":14,"column":50}},"9":{"start":{"line":15,"column":14},"end":{"line":15,"column":61}},"10":{"start":{"line":18,"column":4},"end":{"line":65,"column":5}},"11":{"start":{"line":19,"column":8},"end":{"line":19,"column":54}},"12":{"start":{"line":21,"column":30},"end":{"line":21,"column":49}},"13":{"start":{"line":24,"column":21},"end":{"line":24,"column":51}},"14":{"start":{"line":25,"column":34},"end":{"line":25,"column":38}},"15":{"start":{"line":27,"column":8},"end":{"line":29,"column":9}},"16":{"start":{"line":28,"column":12},"end":{"line":28,"column":69}},"17":{"start":{"line":32,"column":27},"end":{"line":32,"column":56}},"18":{"start":{"line":33,"column":8},"end":{"line":35,"column":9}},"19":{"start":{"line":34,"column":12},"end":{"line":34,"column":62}},"20":{"start":{"line":37,"column":36},"end":{"line":37,"column":87}},"21":{"start":{"line":40,"column":30},"end":{"line":40,"column":72}},"22":{"start":{"line":41,"column":8},"end":{"line":41,"column":46}},"23":{"start":{"line":43,"column":8},"end":{"line":48,"column":9}},"24":{"start":{"line":44,"column":12},"end":{"line":47,"column":15}},"25":{"start":{"line":51,"column":30},"end":{"line":51,"column":65}},"26":{"start":{"line":52,"column":8},"end":{"line":52,"column":48}},"27":{"start":{"line":55,"column":23},"end":{"line":55,"column":79}},"28":{"start":{"line":58,"column":8},"end":{"line":58,"column":43}},"29":{"start":{"line":60,"column":8},"end":{"line":60,"column":39}},"30":{"start":{"line":61,"column":8},"end":{"line":64,"column":11}},"31":{"start":{"line":70,"column":4},"end":{"line":123,"column":5}},"32":{"start":{"line":71,"column":23},"end":{"line":100,"column":2}},"33":{"start":{"line":102,"column":23},"end":{"line":102,"column":58}},"34":{"start":{"line":103,"column":29},"end":{"line":103,"column":51}},"35":{"start":{"line":106,"column":26},"end":{"line":106,"column":58}},"36":{"start":{"line":107,"column":8},"end":{"line":109,"column":9}},"37":{"start":{"line":108,"column":12},"end":{"line":108,"column":50}},"38":{"start":{"line":111,"column":8},"end":{"line":111,"column":40}},"39":{"start":{"line":113,"column":8},"end":{"line":117,"column":9}},"40":{"start":{"line":114,"column":12},"end":{"line":114,"column":55}},"41":{"start":{"line":116,"column":12},"end":{"line":116,"column":47}},"42":{"start":{"line":118,"column":8},"end":{"line":122,"column":10}},"43":{"start":{"line":128,"column":4},"end":{"line":148,"column":5}},"44":{"start":{"line":129,"column":28},"end":{"line":129,"column":58}},"45":{"start":{"line":131,"column":8},"end":{"line":136,"column":9}},"46":{"start":{"line":132,"column":12},"end":{"line":135,"column":null}},"47":{"start":{"line":138,"column":23},"end":{"line":141,"column":20}},"48":{"start":{"line":143,"column":8},"end":{"line":143,"column":27}},"49":{"start":{"line":146,"column":8},"end":{"line":146,"column":45}},"50":{"start":{"line":147,"column":8},"end":{"line":147,"column":20}}},"fnMap":{"0":{"name":"handler","decl":{"start":{"line":17,"column":22},"end":{"line":17,"column":29}},"loc":{"start":{"line":17,"column":57},"end":{"line":66,"column":1}}},"1":{"name":"analyzeCommand","decl":{"start":{"line":69,"column":15},"end":{"line":69,"column":29}},"loc":{"start":{"line":69,"column":42},"end":{"line":124,"column":1}}},"2":{"name":"getDeviceInfo","decl":{"start":{"line":127,"column":15},"end":{"line":127,"column":28}},"loc":{"start":{"line":127,"column":45},"end":{"line":149,"column":1}}}},"branchMap":{"0":{"loc":{"start":{"line":13,"column":21},"end":{"line":13,"column":53}},"type":"binary-expr","locations":[{"start":{"line":13,"column":21},"end":{"line":13,"column":47}},{"start":{"line":13,"column":51},"end":{"line":13,"column":53}}]},"1":{"loc":{"start":{"line":24,"column":32},"end":{"line":24,"column":50}},"type":"binary-expr","locations":[{"start":{"line":24,"column":32},"end":{"line":24,"column":42}},{"start":{"line":24,"column":46},"end":{"line":24,"column":50}}]},"2":{"loc":{"start":{"line":27,"column":8},"end":{"line":29,"column":9}},"type":"if","locations":[{"start":{"line":27,"column":8},"end":{"line":29,"column":9}}]},"3":{"loc":{"start":{"line":27,"column":12},"end":{"line":27,"column":31}},"type":"binary-expr","locations":[{"start":{"line":27,"column":12},"end":{"line":27,"column":18}},{"start":{"line":27,"column":22},"end":{"line":27,"column":31}}]},"4":{"loc":{"start":{"line":33,"column":8},"end":{"line":35,"column":9}},"type":"if","locations":[{"start":{"line":33,"column":8},"end":{"line":35,"column":9}}]},"5":{"loc":{"start":{"line":43,"column":8},"end":{"line":48,"column":9}},"type":"if","locations":[{"start":{"line":43,"column":8},"end":{"line":48,"column":9}}]},"6":{"loc":{"start":{"line":107,"column":8},"end":{"line":109,"column":9}},"type":"if","locations":[{"start":{"line":107,"column":8},"end":{"line":109,"column":9}}]},"7":{"loc":{"start":{"line":113,"column":8},"end":{"line":117,"column":9}},"type":"if","locations":[{"start":{"line":113,"column":8},"end":{"line":117,"column":9}},{"start":{"line":115,"column":15},"end":{"line":117,"column":9}}]},"8":{"loc":{"start":{"line":129,"column":28},"end":{"line":129,"column":58}},"type":"binary-expr","locations":[{"start":{"line":129,"column":28},"end":{"line":129,"column":52}},{"start":{"line":129,"column":56},"end":{"line":129,"column":58}}]},"9":{"loc":{"start":{"line":131,"column":8},"end":{"line":136,"column":9}},"type":"if","locations":[{"start":{"line":131,"column":8},"end":{"line":136,"column":9}}]}},"s":{"0":1,"1":1,"2":1,"3":1,"4":1,"5":1,"6":1,"7":1,"8":1,"9":1,"10":2,"11":2,"12":2,"13":2,"14":2,"15":2,"16":1,"17":1,"18":1,"19":0,"20":1,"21":1,"22":1,"23":1,"24":1,"25":0,"26":0,"27":0,"28":0,"29":0,"30":0,"31":0,"32":0,"33":0,"34":0,"35":0,"36":0,"37":0,"38":0,"39":0,"40":0,"41":0,"42":0,"43":1,"44":1,"45":1,"46":1,"47":0,"48":0,"49":0,"50":0},"f":{"0":2,"1":0,"2":1},"b":{"0":[1,1],"1":[2,0],"2":[1],"3":[2,2],"4":[0],"5":[1],"6":[0],"7":[0,0],"8":[1,1],"9":[1]}}
,"/home/shiki-01/WebstormProjects/serverless/functions/commands/callStaff.ts": {"path":"/home/shiki-01/WebstormProjects/serverless/functions/commands/callStaff.ts","statementMap":{"0":{"start":{"line":7,"column":0},"end":{"line":7,"column":7}},"1":{"start":{"line":1,"column":0},"end":{"line":1,"column":35}},"2":{"start":{"line":4,"column":17},"end":{"line":4,"column":46}},"3":{"start":{"line":8,"column":4},"end":{"line":72,"column":5}},"4":{"start":{"line":9,"column":28},"end":{"line":9,"column":38}},"5":{"start":{"line":10,"column":27},"end":{"line":10,"column":56}},"6":{"start":{"line":12,"column":8},"end":{"line":17,"column":9}},"7":{"start":{"line":13,"column":12},"end":{"line":16,"column":14}},"8":{"start":{"line":19,"column":8},"end":{"line":24,"column":9}},"9":{"start":{"line":20,"column":12},"end":{"line":23,"column":null}},"10":{"start":{"line":27,"column":28},"end":{"line":37,"column":20}},"11":{"start":{"line":39,"column":8},"end":{"line":44,"column":9}},"12":{"start":{"line":40,"column":12},"end":{"line":43,"column":14}},"13":{"start":{"line":62,"column":8},"end":{"line":65,"column":10}},"14":{"start":{"line":67,"column":8},"end":{"line":67,"column":45}},"15":{"start":{"line":68,"column":8},"end":{"line":71,"column":10}}},"fnMap":{"0":{"name":"callStaff","decl":{"start":{"line":7,"column":22},"end":{"line":7,"column":31}},"loc":{"start":{"line":7,"column":84},"end":{"line":73,"column":1}}}},"branchMap":{"0":{"loc":{"start":{"line":10,"column":27},"end":{"line":10,"column":56}},"type":"binary-expr","locations":[{"start":{"line":10,"column":27},"end":{"line":10,"column":50}},{"start":{"line":10,"column":54},"end":{"line":10,"column":56}}]},"1":{"loc":{"start":{"line":12,"column":8},"end":{"line":17,"column":9}},"type":"if","locations":[{"start":{"line":12,"column":8},"end":{"line":17,"column":9}}]},"2":{"loc":{"start":{"line":19,"column":8},"end":{"line":24,"column":9}},"type":"if","locations":[{"start":{"line":19,"column":8},"end":{"line":24,"column":9}}]},"3":{"loc":{"start":{"line":39,"column":8},"end":{"line":44,"column":9}},"type":"if","locations":[{"start":{"line":39,"column":8},"end":{"line":44,"column":9}}]},"4":{"loc":{"start":{"line":39,"column":12},"end":{"line":39,"column":64}},"type":"binary-expr","locations":[{"start":{"line":39,"column":12},"end":{"line":39,"column":30}},{"start":{"line":39,"column":34},"end":{"line":39,"column":64}}]}},"s":{"0":1,"1":1,"2":1,"3":0,"4":0,"5":0,"6":0,"7":0,"8":0,"9":0,"10":0,"11":0,"12":0,"13":0,"14":0,"15":0},"f":{"0":0},"b":{"0":[0,0],"1":[0],"2":[0],"3":[0],"4":[0,0]}}
,"/home/shiki-01/WebstormProjects/serverless/functions/commands/emergency.ts": {"path":"/home/shiki-01/WebstormProjects/serverless/functions/commands/emergency.ts","statementMap":{"0":{"start":{"line":4,"column":0},"end":{"line":4,"column":7}},"1":{"start":{"line":6,"column":4},"end":{"line":42,"column":5}},"2":{"start":{"line":7,"column":27},"end":{"line":7,"column":37}},"3":{"start":{"line":9,"column":8},"end":{"line":14,"column":9}},"4":{"start":{"line":10,"column":12},"end":{"line":13,"column":14}},"5":{"start":{"line":31,"column":8},"end":{"line":35,"column":10}},"6":{"start":{"line":37,"column":8},"end":{"line":37,"column":41}},"7":{"start":{"line":38,"column":8},"end":{"line":41,"column":10}}},"fnMap":{"0":{"name":"reportEmergency","decl":{"start":{"line":4,"column":22},"end":{"line":4,"column":37}},"loc":{"start":{"line":4,"column":90},"end":{"line":43,"column":1}}}},"branchMap":{"0":{"loc":{"start":{"line":9,"column":8},"end":{"line":14,"column":9}},"type":"if","locations":[{"start":{"line":9,"column":8},"end":{"line":14,"column":9}}]}},"s":{"0":1,"1":0,"2":0,"3":0,"4":0,"5":0,"6":0,"7":0},"f":{"0":0},"b":{"0":[0]}}
,"/home/shiki-01/WebstormProjects/serverless/functions/commands/index.ts": {"path":"/home/shiki-01/WebstormProjects/serverless/functions/commands/index.ts","statementMap":{"0":{"start":{"line":13,"column":0},"end":{"line":13,"column":7}},"1":{"start":{"line":39,"column":0},"end":{"line":39,"column":7}},"2":{"start":{"line":2,"column":0},"end":{"line":2,"column":47}},"3":{"start":{"line":3,"column":0},"end":{"line":3,"column":49}},"4":{"start":{"line":4,"column":0},"end":{"line":4,"column":42}},"5":{"start":{"line":5,"column":0},"end":{"line":5,"column":50}},"6":{"start":{"line":6,"column":0},"end":{"line":6,"column":40}},"7":{"start":{"line":7,"column":0},"end":{"line":7,"column":46}},"8":{"start":{"line":8,"column":0},"end":{"line":8,"column":43}},"9":{"start":{"line":9,"column":0},"end":{"line":9,"column":35}},"10":{"start":{"line":11,"column":17},"end":{"line":11,"column":46}},"11":{"start":{"line":14,"column":26},"end":{"line":14,"column":52}},"12":{"start":{"line":16,"column":4},"end":{"line":30,"column":5}},"13":{"start":{"line":17,"column":8},"end":{"line":17,"column":58}},"14":{"start":{"line":19,"column":8},"end":{"line":29,"column":21}},"15":{"start":{"line":40,"column":4},"end":{"line":82,"column":5}},"16":{"start":{"line":41,"column":50},"end":{"line":41,"column":63}},"17":{"start":{"line":44,"column":8},"end":{"line":49,"column":9}},"18":{"start":{"line":45,"column":12},"end":{"line":48,"column":14}},"19":{"start":{"line":51,"column":8},"end":{"line":75,"column":9}},"20":{"start":{"line":53,"column":16},"end":{"line":53,"column":68}},"21":{"start":{"line":56,"column":16},"end":{"line":56,"column":70}},"22":{"start":{"line":59,"column":16},"end":{"line":59,"column":64}},"23":{"start":{"line":62,"column":16},"end":{"line":62,"column":68}},"24":{"start":{"line":65,"column":16},"end":{"line":65,"column":63}},"25":{"start":{"line":68,"column":16},"end":{"line":68,"column":69}},"26":{"start":{"line":71,"column":16},"end":{"line":74,"column":18}},"27":{"start":{"line":77,"column":8},"end":{"line":77,"column":37}},"28":{"start":{"line":78,"column":8},"end":{"line":81,"column":10}}},"fnMap":{"0":{"name":"getPatientResult","decl":{"start":{"line":13,"column":22},"end":{"line":13,"column":38}},"loc":{"start":{"line":13,"column":58},"end":{"line":31,"column":1}}},"1":{"name":"executeCommand","decl":{"start":{"line":39,"column":22},"end":{"line":39,"column":36}},"loc":{"start":{"line":39,"column":85},"end":{"line":83,"column":1}}}},"branchMap":{"0":{"loc":{"start":{"line":16,"column":4},"end":{"line":30,"column":5}},"type":"if","locations":[{"start":{"line":16,"column":4},"end":{"line":30,"column":5}},{"start":{"line":18,"column":11},"end":{"line":30,"column":5}}]},"1":{"loc":{"start":{"line":44,"column":8},"end":{"line":49,"column":9}},"type":"if","locations":[{"start":{"line":44,"column":8},"end":{"line":49,"column":9}}]},"2":{"loc":{"start":{"line":51,"column":8},"end":{"line":75,"column":9}},"type":"switch","locations":[{"start":{"line":52,"column":12},"end":{"line":53,"column":68}},{"start":{"line":55,"column":12},"end":{"line":56,"column":70}},{"start":{"line":58,"column":12},"end":{"line":59,"column":64}},{"start":{"line":61,"column":12},"end":{"line":62,"column":68}},{"start":{"line":64,"column":12},"end":{"line":65,"column":63}},{"start":{"line":67,"column":12},"end":{"line":68,"column":69}},{"start":{"line":70,"column":12},"end":{"line":74,"column":18}}]}},"s":{"0":1,"1":1,"2":1,"3":1,"4":1,"5":1,"6":1,"7":1,"8":1,"9":1,"10":1,"11":0,"12":0,"13":0,"14":0,"15":0,"16":0,"17":0,"18":0,"19":0,"20":0,"21":0,"22":0,"23":0,"24":0,"25":0,"26":0,"27":0,"28":0},"f":{"0":0,"1":0},"b":{"0":[0,0],"1":[0],"2":[0,0,0,0,0,0,0]}}
,"/home/shiki-01/WebstormProjects/serverless/functions/commands/patientInfo.ts": {"path":"/home/shiki-01/WebstormProjects/serverless/functions/commands/patientInfo.ts","statementMap":{"0":{"start":{"line":11,"column":0},"end":{"line":11,"column":7}},"1":{"start":{"line":2,"column":0},"end":{"line":2,"column":60}},"2":{"start":{"line":3,"column":0},"end":{"line":3,"column":46}},"3":{"start":{"line":12,"column":24},"end":{"line":12,"column":40}},"4":{"start":{"line":13,"column":28},"end":{"line":13,"column":38}},"5":{"start":{"line":15,"column":4},"end":{"line":20,"column":5}},"6":{"start":{"line":16,"column":8},"end":{"line":19,"column":10}},"7":{"start":{"line":23,"column":20},"end":{"line":23,"column":67}},"8":{"start":{"line":24,"column":4},"end":{"line":29,"column":5}},"9":{"start":{"line":25,"column":8},"end":{"line":28,"column":10}},"10":{"start":{"line":32,"column":20},"end":{"line":32,"column":26}},"11":{"start":{"line":33,"column":4},"end":{"line":38,"column":5}},"12":{"start":{"line":34,"column":22},"end":{"line":34,"column":74}},"13":{"start":{"line":35,"column":8},"end":{"line":37,"column":9}},"14":{"start":{"line":36,"column":12},"end":{"line":36,"column":35}},"15":{"start":{"line":41,"column":19},"end":{"line":41,"column":75}},"16":{"start":{"line":42,"column":20},"end":{"line":42,"column":22}},"17":{"start":{"line":43,"column":4},"end":{"line":50,"column":5}},"18":{"start":{"line":44,"column":22},"end":{"line":44,"column":31}},"19":{"start":{"line":45,"column":8},"end":{"line":45,"column":33}},"20":{"start":{"line":46,"column":8},"end":{"line":46,"column":71}},"21":{"start":{"line":46,"column":31},"end":{"line":46,"column":71}},"22":{"start":{"line":47,"column":8},"end":{"line":47,"column":122}},"23":{"start":{"line":47,"column":41},"end":{"line":47,"column":122}},"24":{"start":{"line":48,"column":8},"end":{"line":48,"column":66}},"25":{"start":{"line":48,"column":29},"end":{"line":48,"column":66}},"26":{"start":{"line":49,"column":8},"end":{"line":49,"column":60}},"27":{"start":{"line":49,"column":24},"end":{"line":49,"column":60}},"28":{"start":{"line":53,"column":22},"end":{"line":53,"column":26}},"29":{"start":{"line":54,"column":4},"end":{"line":56,"column":5}},"30":{"start":{"line":55,"column":8},"end":{"line":55,"column":50}},"31":{"start":{"line":60,"column":8},"end":{"line":66,"column":17}},"32":{"start":{"line":69,"column":4},"end":{"line":69,"column":99}},"33":{"start":{"line":71,"column":4},"end":{"line":75,"column":6}}},"fnMap":{"0":{"name":"getPatientInfo","decl":{"start":{"line":11,"column":22},"end":{"line":11,"column":36}},"loc":{"start":{"line":11,"column":88},"end":{"line":76,"column":1}}}},"branchMap":{"0":{"loc":{"start":{"line":15,"column":4},"end":{"line":20,"column":5}},"type":"if","locations":[{"start":{"line":15,"column":4},"end":{"line":20,"column":5}}]},"1":{"loc":{"start":{"line":24,"column":4},"end":{"line":29,"column":5}},"type":"if","locations":[{"start":{"line":24,"column":4},"end":{"line":29,"column":5}}]},"2":{"loc":{"start":{"line":33,"column":4},"end":{"line":38,"column":5}},"type":"if","locations":[{"start":{"line":33,"column":4},"end":{"line":38,"column":5}}]},"3":{"loc":{"start":{"line":35,"column":8},"end":{"line":37,"column":9}},"type":"if","locations":[{"start":{"line":35,"column":8},"end":{"line":37,"column":9}}]},"4":{"loc":{"start":{"line":43,"column":4},"end":{"line":50,"column":5}},"type":"if","locations":[{"start":{"line":43,"column":4},"end":{"line":50,"column":5}}]},"5":{"loc":{"start":{"line":46,"column":8},"end":{"line":46,"column":71}},"type":"if","locations":[{"start":{"line":46,"column":8},"end":{"line":46,"column":71}}]},"6":{"loc":{"start":{"line":47,"column":8},"end":{"line":47,"column":122}},"type":"if","locations":[{"start":{"line":47,"column":8},"end":{"line":47,"column":122}}]},"7":{"loc":{"start":{"line":48,"column":8},"end":{"line":48,"column":66}},"type":"if","locations":[{"start":{"line":48,"column":8},"end":{"line":48,"column":66}}]},"8":{"loc":{"start":{"line":49,"column":8},"end":{"line":49,"column":60}},"type":"if","locations":[{"start":{"line":49,"column":8},"end":{"line":49,"column":60}}]},"9":{"loc":{"start":{"line":54,"column":4},"end":{"line":56,"column":5}},"type":"if","locations":[{"start":{"line":54,"column":4},"end":{"line":56,"column":5}}]},"10":{"loc":{"start":{"line":54,"column":8},"end":{"line":54,"column":57}},"type":"binary-expr","locations":[{"start":{"line":54,"column":8},"end":{"line":54,"column":25}},{"start":{"line":54,"column":29},"end":{"line":54,"column":57}}]}},"s":{"0":1,"1":1,"2":1,"3":0,"4":0,"5":0,"6":0,"7":0,"8":0,"9":0,"10":0,"11":0,"12":0,"13":0,"14":0,"15":0,"16":0,"17":0,"18":0,"19":0,"20":0,"21":0,"22":0,"23":0,"24":0,"25":0,"26":0,"27":0,"28":0,"29":0,"30":0,"31":0,"32":0,"33":0},"f":{"0":0},"b":{"0":[0],"1":[0],"2":[0],"3":[0],"4":[0],"5":[0],"6":[0],"7":[0],"8":[0],"9":[0],"10":[0,0]}}
,"/home/shiki-01/WebstormProjects/serverless/functions/commands/recordMeal.ts": {"path":"/home/shiki-01/WebstormProjects/serverless/functions/commands/recordMeal.ts","statementMap":{"0":{"start":{"line":8,"column":0},"end":{"line":8,"column":7}},"1":{"start":{"line":1,"column":0},"end":{"line":1,"column":35}},"2":{"start":{"line":2,"column":0},"end":{"line":2,"column":43}},"3":{"start":{"line":5,"column":17},"end":{"line":5,"column":46}},"4":{"start":{"line":9,"column":4},"end":{"line":83,"column":5}},"5":{"start":{"line":10,"column":48},"end":{"line":10,"column":58}},"6":{"start":{"line":11,"column":33},"end":{"line":11,"column":69}},"7":{"start":{"line":13,"column":8},"end":{"line":18,"column":9}},"8":{"start":{"line":14,"column":12},"end":{"line":17,"column":14}},"9":{"start":{"line":20,"column":8},"end":{"line":25,"column":9}},"10":{"start":{"line":21,"column":12},"end":{"line":24,"column":null}},"11":{"start":{"line":28,"column":30},"end":{"line":28,"column":65}},"12":{"start":{"line":30,"column":8},"end":{"line":35,"column":9}},"13":{"start":{"line":31,"column":12},"end":{"line":34,"column":14}},"14":{"start":{"line":37,"column":8},"end":{"line":42,"column":9}},"15":{"start":{"line":38,"column":12},"end":{"line":41,"column":14}},"16":{"start":{"line":44,"column":26},"end":{"line":44,"column":58}},"17":{"start":{"line":45,"column":26},"end":{"line":45,"column":50}},"18":{"start":{"line":48,"column":27},"end":{"line":58,"column":10}},"19":{"start":{"line":61,"column":8},"end":{"line":64,"column":21}},"20":{"start":{"line":67,"column":30},"end":{"line":67,"column":38}},"21":{"start":{"line":68,"column":8},"end":{"line":68,"column":75}},"22":{"start":{"line":68,"column":52},"end":{"line":68,"column":75}},"23":{"start":{"line":69,"column":8},"end":{"line":69,"column":71}},"24":{"start":{"line":69,"column":48},"end":{"line":69,"column":71}},"25":{"start":{"line":70,"column":8},"end":{"line":70,"column":72}},"26":{"start":{"line":70,"column":49},"end":{"line":70,"column":72}},"27":{"start":{"line":71,"column":8},"end":{"line":71,"column":71}},"28":{"start":{"line":71,"column":48},"end":{"line":71,"column":71}},"29":{"start":{"line":73,"column":8},"end":{"line":76,"column":10}},"30":{"start":{"line":78,"column":8},"end":{"line":78,"column":41}},"31":{"start":{"line":79,"column":8},"end":{"line":82,"column":10}}},"fnMap":{"0":{"name":"recordMeal","decl":{"start":{"line":8,"column":22},"end":{"line":8,"column":32}},"loc":{"start":{"line":8,"column":84},"end":{"line":84,"column":1}}}},"branchMap":{"0":{"loc":{"start":{"line":11,"column":33},"end":{"line":11,"column":69}},"type":"binary-expr","locations":[{"start":{"line":11,"column":33},"end":{"line":11,"column":63}},{"start":{"line":11,"column":67},"end":{"line":11,"column":69}}]},"1":{"loc":{"start":{"line":13,"column":8},"end":{"line":18,"column":9}},"type":"if","locations":[{"start":{"line":13,"column":8},"end":{"line":18,"column":9}}]},"2":{"loc":{"start":{"line":13,"column":12},"end":{"line":13,"column":48}},"type":"binary-expr","locations":[{"start":{"line":13,"column":12},"end":{"line":13,"column":24}},{"start":{"line":13,"column":28},"end":{"line":13,"column":37}},{"start":{"line":13,"column":41},"end":{"line":13,"column":48}}]},"3":{"loc":{"start":{"line":20,"column":8},"end":{"line":25,"column":9}},"type":"if","locations":[{"start":{"line":20,"column":8},"end":{"line":25,"column":9}}]},"4":{"loc":{"start":{"line":30,"column":8},"end":{"line":35,"column":9}},"type":"if","locations":[{"start":{"line":30,"column":8},"end":{"line":35,"column":9}}]},"5":{"loc":{"start":{"line":37,"column":8},"end":{"line":42,"column":9}},"type":"if","locations":[{"start":{"line":37,"column":8},"end":{"line":42,"column":9}}]},"6":{"loc":{"start":{"line":37,"column":12},"end":{"line":37,"column":68}},"type":"binary-expr","locations":[{"start":{"line":37,"column":12},"end":{"line":37,"column":32}},{"start":{"line":37,"column":36},"end":{"line":37,"column":68}}]},"7":{"loc":{"start":{"line":68,"column":8},"end":{"line":68,"column":75}},"type":"if","locations":[{"start":{"line":68,"column":8},"end":{"line":68,"column":75}}]},"8":{"loc":{"start":{"line":69,"column":8},"end":{"line":69,"column":71}},"type":"if","locations":[{"start":{"line":69,"column":8},"end":{"line":69,"column":71}}]},"9":{"loc":{"start":{"line":70,"column":8},"end":{"line":70,"column":72}},"type":"if","locations":[{"start":{"line":70,"column":8},"end":{"line":70,"column":72}}]},"10":{"loc":{"start":{"line":71,"column":8},"end":{"line":71,"column":71}},"type":"if","locations":[{"start":{"line":71,"column":8},"end":{"line":71,"column":71}}]}},"s":{"0":1,"1":1,"2":1,"3":1,"4":0,"5":0,"6":0,"7":0,"8":0,"9":0,"10":0,"11":0,"12":0,"13":0,"14":0,"15":0,"16":0,"17":0,"18":0,"19":0,"20":0,"21":0,"22":0,"23":0,"24":0,"25":0,"26":0,"27":0,"28":0,"29":0,"30":0,"31":0},"f":{"0":0},"b":{"0":[0,0],"1":[0],"2":[0,0,0],"3":[0],"4":[0],"5":[0],"6":[0,0],"7":[0],"8":[0],"9":[0],"10":[0]}}
,"/home/shiki-01/WebstormProjects/serverless/functions/commands/recordMedicine.ts": {"path":"/home/shiki-01/WebstormProjects/serverless/functions/commands/recordMedicine.ts","statementMap":{"0":{"start":{"line":7,"column":0},"end":{"line":7,"column":7}},"1":{"start":{"line":1,"column":0},"end":{"line":1,"column":35}},"2":{"start":{"line":4,"column":17},"end":{"line":4,"column":46}},"3":{"start":{"line":8,"column":4},"end":{"line":87,"column":5}},"4":{"start":{"line":9,"column":40},"end":{"line":9,"column":50}},"5":{"start":{"line":10,"column":30},"end":{"line":10,"column":62}},"6":{"start":{"line":11,"column":33},"end":{"line":11,"column":69}},"7":{"start":{"line":13,"column":8},"end":{"line":18,"column":9}},"8":{"start":{"line":14,"column":12},"end":{"line":17,"column":14}},"9":{"start":{"line":20,"column":8},"end":{"line":25,"column":9}},"10":{"start":{"line":21,"column":12},"end":{"line":24,"column":null}},"11":{"start":{"line":27,"column":8},"end":{"line":32,"column":9}},"12":{"start":{"line":28,"column":12},"end":{"line":31,"column":null}},"13":{"start":{"line":35,"column":30},"end":{"line":45,"column":20}},"14":{"start":{"line":47,"column":8},"end":{"line":52,"column":9}},"15":{"start":{"line":48,"column":12},"end":{"line":51,"column":14}},"16":{"start":{"line":54,"column":26},"end":{"line":54,"column":58}},"17":{"start":{"line":55,"column":26},"end":{"line":55,"column":50}},"18":{"start":{"line":58,"column":31},"end":{"line":69,"column":10}},"19":{"start":{"line":72,"column":8},"end":{"line":75,"column":21}},"20":{"start":{"line":77,"column":8},"end":{"line":80,"column":10}},"21":{"start":{"line":82,"column":8},"end":{"line":82,"column":41}},"22":{"start":{"line":83,"column":8},"end":{"line":86,"column":10}}},"fnMap":{"0":{"name":"recordMedicine","decl":{"start":{"line":7,"column":22},"end":{"line":7,"column":36}},"loc":{"start":{"line":7,"column":88},"end":{"line":88,"column":1}}}},"branchMap":{"0":{"loc":{"start":{"line":10,"column":30},"end":{"line":10,"column":62}},"type":"binary-expr","locations":[{"start":{"line":10,"column":30},"end":{"line":10,"column":56}},{"start":{"line":10,"column":60},"end":{"line":10,"column":62}}]},"1":{"loc":{"start":{"line":11,"column":33},"end":{"line":11,"column":69}},"type":"binary-expr","locations":[{"start":{"line":11,"column":33},"end":{"line":11,"column":63}},{"start":{"line":11,"column":67},"end":{"line":11,"column":69}}]},"2":{"loc":{"start":{"line":13,"column":8},"end":{"line":18,"column":9}},"type":"if","locations":[{"start":{"line":13,"column":8},"end":{"line":18,"column":9}}]},"3":{"loc":{"start":{"line":13,"column":12},"end":{"line":13,"column":37}},"type":"binary-expr","locations":[{"start":{"line":13,"column":12},"end":{"line":13,"column":24}},{"start":{"line":13,"column":28},"end":{"line":13,"column":37}}]},"4":{"loc":{"start":{"line":20,"column":8},"end":{"line":25,"column":9}},"type":"if","locations":[{"start":{"line":20,"column":8},"end":{"line":25,"column":9}}]},"5":{"loc":{"start":{"line":27,"column":8},"end":{"line":32,"column":9}},"type":"if","locations":[{"start":{"line":27,"column":8},"end":{"line":32,"column":9}}]},"6":{"loc":{"start":{"line":47,"column":8},"end":{"line":52,"column":9}},"type":"if","locations":[{"start":{"line":47,"column":8},"end":{"line":52,"column":9}}]},"7":{"loc":{"start":{"line":47,"column":12},"end":{"line":47,"column":68}},"type":"binary-expr","locations":[{"start":{"line":47,"column":12},"end":{"line":47,"column":32}},{"start":{"line":47,"column":36},"end":{"line":47,"column":68}}]},"8":{"loc":{"start":{"line":64,"column":23},"end":{"line":64,"column":47}},"type":"binary-expr","locations":[{"start":{"line":64,"column":23},"end":{"line":64,"column":39}},{"start":{"line":64,"column":43},"end":{"line":64,"column":47}}]},"9":{"loc":{"start":{"line":65,"column":24},"end":{"line":65,"column":50}},"type":"binary-expr","locations":[{"start":{"line":65,"column":24},"end":{"line":65,"column":41}},{"start":{"line":65,"column":45},"end":{"line":65,"column":50}}]}},"s":{"0":1,"1":1,"2":1,"3":0,"4":0,"5":0,"6":0,"7":0,"8":0,"9":0,"10":0,"11":0,"12":0,"13":0,"14":0,"15":0,"16":0,"17":0,"18":0,"19":0,"20":0,"21":0,"22":0},"f":{"0":0},"b":{"0":[0,0],"1":[0,0],"2":[0],"3":[0,0],"4":[0],"5":[0],"6":[0],"7":[0,0],"8":[0,0],"9":[0,0]}}
,"/home/shiki-01/WebstormProjects/serverless/functions/commands/recordVital.ts": {"path":"/home/shiki-01/WebstormProjects/serverless/functions/commands/recordVital.ts","statementMap":{"0":{"start":{"line":9,"column":0},"end":{"line":9,"column":7}},"1":{"start":{"line":1,"column":0},"end":{"line":1,"column":35}},"2":{"start":{"line":2,"column":0},"end":{"line":2,"column":51}},"3":{"start":{"line":3,"column":0},"end":{"line":3,"column":43}},"4":{"start":{"line":6,"column":17},"end":{"line":6,"column":46}},"5":{"start":{"line":10,"column":4},"end":{"line":130,"column":5}},"6":{"start":{"line":11,"column":53},"end":{"line":11,"column":63}},"7":{"start":{"line":13,"column":8},"end":{"line":18,"column":9}},"8":{"start":{"line":14,"column":12},"end":{"line":17,"column":14}},"9":{"start":{"line":21,"column":30},"end":{"line":21,"column":65}},"10":{"start":{"line":23,"column":8},"end":{"line":28,"column":9}},"11":{"start":{"line":24,"column":12},"end":{"line":27,"column":14}},"12":{"start":{"line":30,"column":26},"end":{"line":30,"column":64}},"13":{"start":{"line":31,"column":26},"end":{"line":31,"column":50}},"14":{"start":{"line":34,"column":26},"end":{"line":45,"column":10}},"15":{"start":{"line":48,"column":8},"end":{"line":85,"column":9}},"16":{"start":{"line":51,"column":16},"end":{"line":51,"column":84}},"17":{"start":{"line":52,"column":16},"end":{"line":52,"column":22}},"18":{"start":{"line":57,"column":32},"end":{"line":57,"column":57}},"19":{"start":{"line":58,"column":16},"end":{"line":61,"column":17}},"20":{"start":{"line":59,"column":20},"end":{"line":59,"column":82}},"21":{"start":{"line":60,"column":20},"end":{"line":60,"column":83}},"22":{"start":{"line":62,"column":16},"end":{"line":62,"column":22}},"23":{"start":{"line":67,"column":16},"end":{"line":67,"column":84}},"24":{"start":{"line":68,"column":16},"end":{"line":68,"column":22}},"25":{"start":{"line":72,"column":16},"end":{"line":72,"column":72}},"26":{"start":{"line":73,"column":16},"end":{"line":73,"column":22}},"27":{"start":{"line":77,"column":16},"end":{"line":77,"column":86}},"28":{"start":{"line":78,"column":16},"end":{"line":78,"column":22}},"29":{"start":{"line":81,"column":16},"end":{"line":84,"column":18}},"30":{"start":{"line":87,"column":28},"end":{"line":87,"column":58}},"31":{"start":{"line":89,"column":8},"end":{"line":94,"column":9}},"32":{"start":{"line":90,"column":12},"end":{"line":93,"column":15}},"33":{"start":{"line":97,"column":8},"end":{"line":100,"column":21}},"34":{"start":{"line":103,"column":31},"end":{"line":103,"column":40}},"35":{"start":{"line":104,"column":32},"end":{"line":104,"column":42}},"36":{"start":{"line":106,"column":8},"end":{"line":118,"column":9}},"37":{"start":{"line":107,"column":12},"end":{"line":107,"column":36}},"38":{"start":{"line":108,"column":12},"end":{"line":108,"column":60}},"39":{"start":{"line":109,"column":15},"end":{"line":118,"column":9}},"40":{"start":{"line":110,"column":12},"end":{"line":110,"column":36}},"41":{"start":{"line":111,"column":12},"end":{"line":111,"column":105}},"42":{"start":{"line":112,"column":15},"end":{"line":118,"column":9}},"43":{"start":{"line":113,"column":12},"end":{"line":113,"column":36}},"44":{"start":{"line":114,"column":12},"end":{"line":114,"column":60}},"45":{"start":{"line":115,"column":15},"end":{"line":118,"column":9}},"46":{"start":{"line":116,"column":12},"end":{"line":116,"column":38}},"47":{"start":{"line":117,"column":12},"end":{"line":117,"column":53}},"48":{"start":{"line":120,"column":8},"end":{"line":123,"column":10}},"49":{"start":{"line":125,"column":8},"end":{"line":125,"column":43}},"50":{"start":{"line":126,"column":8},"end":{"line":129,"column":10}}},"fnMap":{"0":{"name":"recordVitalSigns","decl":{"start":{"line":9,"column":22},"end":{"line":9,"column":38}},"loc":{"start":{"line":9,"column":90},"end":{"line":131,"column":1}}}},"branchMap":{"0":{"loc":{"start":{"line":13,"column":8},"end":{"line":18,"column":9}},"type":"if","locations":[{"start":{"line":13,"column":8},"end":{"line":18,"column":9}}]},"1":{"loc":{"start":{"line":13,"column":12},"end":{"line":13,"column":53}},"type":"binary-expr","locations":[{"start":{"line":13,"column":12},"end":{"line":13,"column":24}},{"start":{"line":13,"column":28},"end":{"line":13,"column":38}},{"start":{"line":13,"column":42},"end":{"line":13,"column":53}}]},"2":{"loc":{"start":{"line":23,"column":8},"end":{"line":28,"column":9}},"type":"if","locations":[{"start":{"line":23,"column":8},"end":{"line":28,"column":9}}]},"3":{"loc":{"start":{"line":23,"column":12},"end":{"line":23,"column":108}},"type":"binary-expr","locations":[{"start":{"line":23,"column":12},"end":{"line":23,"column":48}},{"start":{"line":23,"column":52},"end":{"line":23,"column":72}},{"start":{"line":23,"column":76},"end":{"line":23,"column":108}}]},"4":{"loc":{"start":{"line":30,"column":26},"end":{"line":30,"column":64}},"type":"binary-expr","locations":[{"start":{"line":30,"column":26},"end":{"line":30,"column":58}},{"start":{"line":30,"column":62},"end":{"line":30,"column":64}}]},"5":{"loc":{"start":{"line":48,"column":8},"end":{"line":85,"column":9}},"type":"switch","locations":[{"start":{"line":49,"column":12},"end":{"line":49,"column":31}},{"start":{"line":50,"column":12},"end":{"line":52,"column":22}},{"start":{"line":54,"column":12},"end":{"line":54,"column":33}},{"start":{"line":55,"column":12},"end":{"line":62,"column":22}},{"start":{"line":64,"column":12},"end":{"line":64,"column":29}},{"start":{"line":65,"column":12},"end":{"line":65,"column":22}},{"start":{"line":66,"column":12},"end":{"line":68,"column":22}},{"start":{"line":70,"column":12},"end":{"line":70,"column":24}},{"start":{"line":71,"column":12},"end":{"line":73,"column":22}},{"start":{"line":75,"column":12},"end":{"line":75,"column":35}},{"start":{"line":76,"column":12},"end":{"line":78,"column":22}},{"start":{"line":80,"column":12},"end":{"line":84,"column":18}}]},"6":{"loc":{"start":{"line":58,"column":16},"end":{"line":61,"column":17}},"type":"if","locations":[{"start":{"line":58,"column":16},"end":{"line":61,"column":17}}]},"7":{"loc":{"start":{"line":87,"column":28},"end":{"line":87,"column":58}},"type":"binary-expr","locations":[{"start":{"line":87,"column":28},"end":{"line":87,"column":52}},{"start":{"line":87,"column":56},"end":{"line":87,"column":58}}]},"8":{"loc":{"start":{"line":89,"column":8},"end":{"line":94,"column":9}},"type":"if","locations":[{"start":{"line":89,"column":8},"end":{"line":94,"column":9}}]},"9":{"loc":{"start":{"line":106,"column":8},"end":{"line":118,"column":9}},"type":"if","locations":[{"start":{"line":106,"column":8},"end":{"line":118,"column":9}},{"start":{"line":109,"column":15},"end":{"line":118,"column":9}}]},"10":{"loc":{"start":{"line":106,"column":12},"end":{"line":106,"column":75}},"type":"binary-expr","locations":[{"start":{"line":106,"column":12},"end":{"line":106,"column":53}},{"start":{"line":106,"column":57},"end":{"line":106,"column":75}}]},"11":{"loc":{"start":{"line":109,"column":15},"end":{"line":118,"column":9}},"type":"if","locations":[{"start":{"line":109,"column":15},"end":{"line":118,"column":9}},{"start":{"line":112,"column":15},"end":{"line":118,"column":9}}]},"12":{"loc":{"start":{"line":109,"column":19},"end":{"line":109,"column":84}},"type":"binary-expr","locations":[{"start":{"line":109,"column":19},"end":{"line":109,"column":62}},{"start":{"line":109,"column":66},"end":{"line":109,"column":84}}]},"13":{"loc":{"start":{"line":112,"column":15},"end":{"line":118,"column":9}},"type":"if","locations":[{"start":{"line":112,"column":15},"end":{"line":118,"column":9}},{"start":{"line":115,"column":15},"end":{"line":118,"column":9}}]},"14":{"loc":{"start":{"line":112,"column":19},"end":{"line":112,"column":115}},"type":"binary-expr","locations":[{"start":{"line":112,"column":19},"end":{"line":112,"column":60}},{"start":{"line":112,"column":64},"end":{"line":112,"column":87}},{"start":{"line":112,"column":91},"end":{"line":112,"column":115}}]},"15":{"loc":{"start":{"line":115,"column":15},"end":{"line":118,"column":9}},"type":"if","locations":[{"start":{"line":115,"column":15},"end":{"line":118,"column":9}}]},"16":{"loc":{"start":{"line":115,"column":19},"end":{"line":115,"column":81}},"type":"binary-expr","locations":[{"start":{"line":115,"column":19},"end":{"line":115,"column":53}},{"start":{"line":115,"column":57},"end":{"line":115,"column":81}}]}},"s":{"0":1,"1":1,"2":1,"3":1,"4":1,"5":0,"6":0,"7":0,"8":0,"9":0,"10":0,"11":0,"12":0,"13":0,"14":0,"15":0,"16":0,"17":0,"18":0,"19":0,"20":0,"21":0,"22":0,"23":0,"24":0,"25":0,"26":0,"27":0,"28":0,"29":0,"30":0,"31":0,"32":0,"33":0,"34":0,"35":0,"36":0,"37":0,"38":0,"39":0,"40":0,"41":0,"42":0,"43":0,"44":0,"45":0,"46":0,"47":0,"48":0,"49":0,"50":0},"f":{"0":0},"b":{"0":[0],"1":[0,0,0],"2":[0],"3":[0,0,0],"4":[0,0],"5":[0,0,0,0,0,0,0,0,0,0,0,0],"6":[0],"7":[0,0],"8":[0],"9":[0,0],"10":[0,0],"11":[0,0],"12":[0,0],"13":[0,0],"14":[0,0,0],"15":[0],"16":[0,0]}}
,"/home/shiki-01/WebstormProjects/serverless/functions/services/aiService.ts": {"path":"/home/shiki-01/WebstormProjects/serverless/functions/services/aiService.ts","statementMap":{"0":{"start":{"line":1,"column":0},"end":{"line":1,"column":59}},"1":{"start":{"line":3,"column":0},"end":{"line":3,"column":43}},"2":{"start":{"line":7,"column":14},"end":{"line":7,"column":70}},"3":{"start":{"line":8,"column":14},"end":{"line":8,"column":61}},"4":{"start":{"line":17,"column":8},"end":{"line":70,"column":9}},"5":{"start":{"line":18,"column":27},"end":{"line":47,"column":2}},"6":{"start":{"line":49,"column":27},"end":{"line":49,"column":62}},"7":{"start":{"line":50,"column":33},"end":{"line":50,"column":55}},"8":{"start":{"line":53,"column":30},"end":{"line":53,"column":62}},"9":{"start":{"line":54,"column":12},"end":{"line":56,"column":13}},"10":{"start":{"line":55,"column":16},"end":{"line":55,"column":48}},"11":{"start":{"line":58,"column":12},"end":{"line":62,"column":null}},"12":{"start":{"line":64,"column":12},"end":{"line":64,"column":41}},"13":{"start":{"line":65,"column":12},"end":{"line":69,"column":14}},"14":{"start":{"line":15,"column":0},"end":{"line":15,"column":13}}},"fnMap":{"0":{"name":"(anonymous_0)","decl":{"start":{"line":16,"column":4},"end":{"line":16,"column":9}},"loc":{"start":{"line":16,"column":37},"end":{"line":71,"column":5}}}},"branchMap":{"0":{"loc":{"start":{"line":7,"column":37},"end":{"line":7,"column":69}},"type":"binary-expr","locations":[{"start":{"line":7,"column":37},"end":{"line":7,"column":63}},{"start":{"line":7,"column":67},"end":{"line":7,"column":69}}]},"1":{"loc":{"start":{"line":54,"column":12},"end":{"line":56,"column":13}},"type":"if","locations":[{"start":{"line":54,"column":12},"end":{"line":56,"column":13}}]}},"s":{"0":1,"1":1,"2":1,"3":1,"4":0,"5":0,"6":0,"7":0,"8":0,"9":0,"10":0,"11":0,"12":0,"13":0,"14":1},"f":{"0":0},"b":{"0":[1,1],"1":[0]}}
,"/home/shiki-01/WebstormProjects/serverless/functions/services/dataService.ts": {"path":"/home/shiki-01/WebstormProjects/serverless/functions/services/dataService.ts","statementMap":{"0":{"start":{"line":3,"column":0},"end":{"line":3,"column":43}},"1":{"start":{"line":4,"column":0},"end":{"line":4,"column":35}},"2":{"start":{"line":6,"column":17},"end":{"line":6,"column":46}},"3":{"start":{"line":16,"column":8},"end":{"line":30,"column":9}},"4":{"start":{"line":17,"column":27},"end":{"line":20,"column":24}},"5":{"start":{"line":22,"column":12},"end":{"line":24,"column":13}},"6":{"start":{"line":23,"column":16},"end":{"line":23,"column":28}},"7":{"start":{"line":26,"column":12},"end":{"line":26,"column":41}},"8":{"start":{"line":28,"column":12},"end":{"line":28,"column":43}},"9":{"start":{"line":29,"column":12},"end":{"line":29,"column":24}},"10":{"start":{"line":39,"column":8},"end":{"line":53,"column":9}},"11":{"start":{"line":40,"column":27},"end":{"line":43,"column":24}},"12":{"start":{"line":45,"column":12},"end":{"line":47,"column":13}},"13":{"start":{"line":46,"column":16},"end":{"line":46,"column":28}},"14":{"start":{"line":49,"column":12},"end":{"line":49,"column":42}},"15":{"start":{"line":51,"column":12},"end":{"line":51,"column":41}},"16":{"start":{"line":52,"column":12},"end":{"line":52,"column":24}},"17":{"start":{"line":62,"column":8},"end":{"line":83,"column":9}},"18":{"start":{"line":63,"column":27},"end":{"line":73,"column":24}},"19":{"start":{"line":75,"column":12},"end":{"line":77,"column":13}},"20":{"start":{"line":76,"column":16},"end":{"line":76,"column":28}},"21":{"start":{"line":79,"column":12},"end":{"line":79,"column":46}},"22":{"start":{"line":81,"column":12},"end":{"line":81,"column":41}},"23":{"start":{"line":82,"column":12},"end":{"line":82,"column":24}},"24":{"start":{"line":93,"column":8},"end":{"line":108,"column":9}},"25":{"start":{"line":94,"column":27},"end":{"line":102,"column":24}},"26":{"start":{"line":104,"column":12},"end":{"line":104,"column":55}},"27":{"start":{"line":106,"column":12},"end":{"line":106,"column":43}},"28":{"start":{"line":107,"column":12},"end":{"line":107,"column":22}},"29":{"start":{"line":117,"column":8},"end":{"line":138,"column":9}},"30":{"start":{"line":118,"column":27},"end":{"line":128,"column":24}},"31":{"start":{"line":130,"column":12},"end":{"line":132,"column":13}},"32":{"start":{"line":131,"column":16},"end":{"line":131,"column":28}},"33":{"start":{"line":134,"column":12},"end":{"line":134,"column":44}},"34":{"start":{"line":136,"column":12},"end":{"line":136,"column":43}},"35":{"start":{"line":137,"column":12},"end":{"line":137,"column":24}},"36":{"start":{"line":147,"column":8},"end":{"line":161,"column":9}},"37":{"start":{"line":148,"column":27},"end":{"line":151,"column":24}},"38":{"start":{"line":153,"column":12},"end":{"line":155,"column":13}},"39":{"start":{"line":154,"column":16},"end":{"line":154,"column":28}},"40":{"start":{"line":157,"column":12},"end":{"line":157,"column":40}},"41":{"start":{"line":159,"column":12},"end":{"line":159,"column":43}},"42":{"start":{"line":160,"column":12},"end":{"line":160,"column":24}},"43":{"start":{"line":165,"column":8},"end":{"line":165,"column":42}},"44":{"start":{"line":169,"column":8},"end":{"line":169,"column":42}},"45":{"start":{"line":173,"column":8},"end":{"line":173,"column":42}},"46":{"start":{"line":8,"column":0},"end":{"line":8,"column":13}}},"fnMap":{"0":{"name":"(anonymous_0)","decl":{"start":{"line":15,"column":4},"end":{"line":15,"column":9}},"loc":{"start":{"line":15,"column":40},"end":{"line":31,"column":5}}},"1":{"name":"(anonymous_1)","decl":{"start":{"line":38,"column":4},"end":{"line":38,"column":9}},"loc":{"start":{"line":38,"column":42},"end":{"line":54,"column":5}}},"2":{"name":"(anonymous_2)","decl":{"start":{"line":61,"column":4},"end":{"line":61,"column":9}},"loc":{"start":{"line":61,"column":46},"end":{"line":84,"column":5}}},"3":{"name":"(anonymous_3)","decl":{"start":{"line":92,"column":4},"end":{"line":92,"column":9}},"loc":{"start":{"line":92,"column":60},"end":{"line":109,"column":5}}},"4":{"name":"(anonymous_4)","decl":{"start":{"line":116,"column":4},"end":{"line":116,"column":9}},"loc":{"start":{"line":116,"column":42},"end":{"line":139,"column":5}}},"5":{"name":"(anonymous_5)","decl":{"start":{"line":146,"column":4},"end":{"line":146,"column":9}},"loc":{"start":{"line":146,"column":38},"end":{"line":162,"column":5}}},"6":{"name":"(anonymous_6)","decl":{"start":{"line":164,"column":4},"end":{"line":164,"column":16}},"loc":{"start":{"line":164,"column":40},"end":{"line":166,"column":5}}},"7":{"name":"(anonymous_7)","decl":{"start":{"line":168,"column":4},"end":{"line":168,"column":16}},"loc":{"start":{"line":168,"column":40},"end":{"line":170,"column":5}}},"8":{"name":"(anonymous_8)","decl":{"start":{"line":172,"column":4},"end":{"line":172,"column":17}},"loc":{"start":{"line":172,"column":39},"end":{"line":174,"column":5}}}},"branchMap":{"0":{"loc":{"start":{"line":18,"column":27},"end":{"line":18,"column":58}},"type":"binary-expr","locations":[{"start":{"line":18,"column":27},"end":{"line":18,"column":52}},{"start":{"line":18,"column":56},"end":{"line":18,"column":58}}]},"1":{"loc":{"start":{"line":22,"column":12},"end":{"line":24,"column":13}},"type":"if","locations":[{"start":{"line":22,"column":12},"end":{"line":24,"column":13}}]},"2":{"loc":{"start":{"line":41,"column":27},"end":{"line":41,"column":59}},"type":"binary-expr","locations":[{"start":{"line":41,"column":27},"end":{"line":41,"column":53}},{"start":{"line":41,"column":57},"end":{"line":41,"column":59}}]},"3":{"loc":{"start":{"line":45,"column":12},"end":{"line":47,"column":13}},"type":"if","locations":[{"start":{"line":45,"column":12},"end":{"line":47,"column":13}}]},"4":{"loc":{"start":{"line":64,"column":27},"end":{"line":64,"column":59}},"type":"binary-expr","locations":[{"start":{"line":64,"column":27},"end":{"line":64,"column":53}},{"start":{"line":64,"column":57},"end":{"line":64,"column":59}}]},"5":{"loc":{"start":{"line":75,"column":12},"end":{"line":77,"column":13}},"type":"if","locations":[{"start":{"line":75,"column":12},"end":{"line":77,"column":13}}]},"6":{"loc":{"start":{"line":75,"column":16},"end":{"line":75,"column":58}},"type":"binary-expr","locations":[{"start":{"line":75,"column":16},"end":{"line":75,"column":29}},{"start":{"line":75,"column":33},"end":{"line":75,"column":58}}]},"7":{"loc":{"start":{"line":95,"column":27},"end":{"line":95,"column":57}},"type":"binary-expr","locations":[{"start":{"line":95,"column":27},"end":{"line":95,"column":51}},{"start":{"line":95,"column":55},"end":{"line":95,"column":57}}]},"8":{"loc":{"start":{"line":104,"column":20},"end":{"line":104,"column":38}},"type":"binary-expr","locations":[{"start":{"line":104,"column":20},"end":{"line":104,"column":32}},{"start":{"line":104,"column":36},"end":{"line":104,"column":38}}]},"9":{"loc":{"start":{"line":119,"column":27},"end":{"line":119,"column":56}},"type":"binary-expr","locations":[{"start":{"line":119,"column":27},"end":{"line":119,"column":50}},{"start":{"line":119,"column":54},"end":{"line":119,"column":56}}]},"10":{"loc":{"start":{"line":130,"column":12},"end":{"line":132,"column":13}},"type":"if","locations":[{"start":{"line":130,"column":12},"end":{"line":132,"column":13}}]},"11":{"loc":{"start":{"line":130,"column":16},"end":{"line":130,"column":58}},"type":"binary-expr","locations":[{"start":{"line":130,"column":16},"end":{"line":130,"column":29}},{"start":{"line":130,"column":33},"end":{"line":130,"column":58}}]},"12":{"loc":{"start":{"line":149,"column":27},"end":{"line":149,"column":56}},"type":"binary-expr","locations":[{"start":{"line":149,"column":27},"end":{"line":149,"column":50}},{"start":{"line":149,"column":54},"end":{"line":149,"column":56}}]},"13":{"loc":{"start":{"line":153,"column":12},"end":{"line":155,"column":13}},"type":"if","locations":[{"start":{"line":153,"column":12},"end":{"line":155,"column":13}}]}},"s":{"0":1,"1":1,"2":1,"3":0,"4":0,"5":0,"6":0,"7":0,"8":0,"9":0,"10":0,"11":0,"12":0,"13":0,"14":0,"15":0,"16":0,"17":0,"18":0,"19":0,"20":0,"21":0,"22":0,"23":0,"24":0,"25":0,"26":0,"27":0,"28":0,"29":0,"30":0,"31":0,"32":0,"33":0,"34":0,"35":0,"36":0,"37":0,"38":0,"39":0,"40":0,"41":0,"42":0,"43":0,"44":0,"45":0,"46":1},"f":{"0":0,"1":0,"2":0,"3":0,"4":0,"5":0,"6":0,"7":0,"8":0},"b":{"0":[0,0],"1":[0],"2":[0,0],"3":[0],"4":[0,0],"5":[0],"6":[0,0],"7":[0,0],"8":[0,0],"9":[0,0],"10":[0],"11":[0,0],"12":[0,0],"13":[0]}}
,"/home/shiki-01/WebstormProjects/serverless/functions/services/serviceFactory.ts": {"path":"/home/shiki-01/WebstormProjects/serverless/functions/services/serviceFactory.ts","statementMap":{"0":{"start":{"line":7,"column":0},"end":{"line":7,"column":48}},"1":{"start":{"line":8,"column":0},"end":{"line":8,"column":40}},"2":{"start":{"line":9,"column":0},"end":{"line":9,"column":44}},"3":{"start":{"line":13,"column":43},"end":{"line":13,"column":47}},"4":{"start":{"line":14,"column":34},"end":{"line":14,"column":38}},"5":{"start":{"line":15,"column":39},"end":{"line":15,"column":43}},"6":{"start":{"line":18,"column":26},"end":{"line":20,"column":1}},"7":{"start":{"line":19,"column":4},"end":{"line":19,"column":43}},"8":{"start":{"line":18,"column":13},"end":{"line":18,"column":26}},"9":{"start":{"line":23,"column":31},"end":{"line":31,"column":1}},"10":{"start":{"line":28,"column":4},"end":{"line":28,"column":47}},"11":{"start":{"line":28,"column":20},"end":{"line":28,"column":47}},"12":{"start":{"line":29,"column":4},"end":{"line":29,"column":35}},"13":{"start":{"line":29,"column":16},"end":{"line":29,"column":35}},"14":{"start":{"line":30,"column":4},"end":{"line":30,"column":41}},"15":{"start":{"line":30,"column":18},"end":{"line":30,"column":41}},"16":{"start":{"line":23,"column":13},"end":{"line":23,"column":31}},"17":{"start":{"line":34,"column":32},"end":{"line":39,"column":1}},"18":{"start":{"line":35,"column":4},"end":{"line":37,"column":5}},"19":{"start":{"line":36,"column":8},"end":{"line":36,"column":44}},"20":{"start":{"line":38,"column":4},"end":{"line":38,"column":25}},"21":{"start":{"line":34,"column":13},"end":{"line":34,"column":32}},"22":{"start":{"line":41,"column":28},"end":{"line":46,"column":1}},"23":{"start":{"line":42,"column":4},"end":{"line":44,"column":5}},"24":{"start":{"line":43,"column":8},"end":{"line":43,"column":36}},"25":{"start":{"line":45,"column":4},"end":{"line":45,"column":21}},"26":{"start":{"line":41,"column":13},"end":{"line":41,"column":28}},"27":{"start":{"line":48,"column":30},"end":{"line":53,"column":1}},"28":{"start":{"line":49,"column":4},"end":{"line":51,"column":5}},"29":{"start":{"line":50,"column":8},"end":{"line":50,"column":40}},"30":{"start":{"line":52,"column":4},"end":{"line":52,"column":23}},"31":{"start":{"line":48,"column":13},"end":{"line":48,"column":30}},"32":{"start":{"line":55,"column":28},"end":{"line":58,"column":1}},"33":{"start":{"line":56,"column":24},"end":{"line":56,"column":40}},"34":{"start":{"line":57,"column":4},"end":{"line":57,"column":45}},"35":{"start":{"line":55,"column":13},"end":{"line":55,"column":28}},"36":{"start":{"line":61,"column":29},"end":{"line":65,"column":1}},"37":{"start":{"line":62,"column":4},"end":{"line":62,"column":25}},"38":{"start":{"line":63,"column":4},"end":{"line":63,"column":21}},"39":{"start":{"line":64,"column":4},"end":{"line":64,"column":23}},"40":{"start":{"line":61,"column":13},"end":{"line":61,"column":29}}},"fnMap":{"0":{"name":"(anonymous_0)","decl":{"start":{"line":18,"column":26},"end":{"line":18,"column":38}},"loc":{"start":{"line":18,"column":40},"end":{"line":20,"column":1}}},"1":{"name":"(anonymous_1)","decl":{"start":{"line":23,"column":31},"end":{"line":23,"column":null}},"loc":{"start":{"line":27,"column":10},"end":{"line":31,"column":1}}},"2":{"name":"(anonymous_2)","decl":{"start":{"line":34,"column":32},"end":{"line":34,"column":51}},"loc":{"start":{"line":34,"column":53},"end":{"line":39,"column":1}}},"3":{"name":"(anonymous_3)","decl":{"start":{"line":41,"column":28},"end":{"line":41,"column":43}},"loc":{"start":{"line":41,"column":45},"end":{"line":46,"column":1}}},"4":{"name":"(anonymous_4)","decl":{"start":{"line":48,"column":30},"end":{"line":48,"column":47}},"loc":{"start":{"line":48,"column":49},"end":{"line":53,"column":1}}},"5":{"name":"(anonymous_5)","decl":{"start":{"line":55,"column":28},"end":{"line":55,"column":33}},"loc":{"start":{"line":55,"column":77},"end":{"line":58,"column":1}}},"6":{"name":"(anonymous_6)","decl":{"start":{"line":61,"column":29},"end":{"line":61,"column":38}},"loc":{"start":{"line":61,"column":40},"end":{"line":65,"column":1}}}},"branchMap":{"0":{"loc":{"start":{"line":28,"column":4},"end":{"line":28,"column":47}},"type":"if","locations":[{"start":{"line":28,"column":4},"end":{"line":28,"column":47}}]},"1":{"loc":{"start":{"line":29,"column":4},"end":{"line":29,"column":35}},"type":"if","locations":[{"start":{"line":29,"column":4},"end":{"line":29,"column":35}}]},"2":{"loc":{"start":{"line":30,"column":4},"end":{"line":30,"column":41}},"type":"if","locations":[{"start":{"line":30,"column":4},"end":{"line":30,"column":41}}]},"3":{"loc":{"start":{"line":35,"column":4},"end":{"line":37,"column":5}},"type":"if","locations":[{"start":{"line":35,"column":4},"end":{"line":37,"column":5}}]},"4":{"loc":{"start":{"line":42,"column":4},"end":{"line":44,"column":5}},"type":"if","locations":[{"start":{"line":42,"column":4},"end":{"line":44,"column":5}}]},"5":{"loc":{"start":{"line":49,"column":4},"end":{"line":51,"column":5}},"type":"if","locations":[{"start":{"line":49,"column":4},"end":{"line":51,"column":5}}]}},"s":{"0":1,"1":1,"2":1,"3":1,"4":1,"5":1,"6":1,"7":0,"8":1,"9":1,"10":2,"11":2,"12":2,"13":2,"14":2,"15":2,"16":1,"17":1,"18":0,"19":0,"20":0,"21":1,"22":1,"23":0,"24":0,"25":0,"26":1,"27":1,"28":0,"29":0,"30":0,"31":1,"32":1,"33":0,"34":0,"35":1,"36":1,"37":2,"38":2,"39":2,"40":1},"f":{"0":0,"1":2,"2":0,"3":0,"4":0,"5":0,"6":2},"b":{"0":[2],"1":[2],"2":[2],"3":[0],"4":[0],"5":[0]}}
,"/home/shiki-01/WebstormProjects/serverless/functions/services/speechService.ts": {"path":"/home/shiki-01/WebstormProjects/serverless/functions/services/speechService.ts","statementMap":{"0":{"start":{"line":2,"column":0},"end":{"line":2,"column":47}},"1":{"start":{"line":3,"column":0},"end":{"line":3,"column":43}},"2":{"start":{"line":9,"column":8},"end":{"line":11,"column":11}},"3":{"start":{"line":15,"column":8},"end":{"line":44,"column":9}},"4":{"start":{"line":17,"column":31},"end":{"line":17,"column":65}},"5":{"start":{"line":20,"column":28},"end":{"line":32,"column":14}},"6":{"start":{"line":35,"column":31},"end":{"line":35,"column":73}},"7":{"start":{"line":36,"column":12},"end":{"line":36,"column":47}},"8":{"start":{"line":36,"column":35},"end":{"line":36,"column":47}},"9":{"start":{"line":38,"column":12},"end":{"line":40,"column":28}},"10":{"start":{"line":39,"column":31},"end":{"line":39,"column":93}},"11":{"start":{"line":42,"column":12},"end":{"line":42,"column":39}},"12":{"start":{"line":43,"column":12},"end":{"line":43,"column":24}},"13":{"start":{"line":5,"column":0},"end":{"line":5,"column":13}}},"fnMap":{"0":{"name":"(anonymous_9)","decl":{"start":{"line":8,"column":4},"end":{"line":8,"column":null}},"loc":{"start":{"line":8,"column":4},"end":{"line":12,"column":5}}},"1":{"name":"(anonymous_10)","decl":{"start":{"line":14,"column":4},"end":{"line":14,"column":9}},"loc":{"start":{"line":14,"column":45},"end":{"line":45,"column":5}}},"2":{"name":"(anonymous_11)","decl":{"start":{"line":39,"column":21},"end":{"line":39,"column":27}},"loc":{"start":{"line":39,"column":31},"end":{"line":39,"column":93}}}},"branchMap":{"0":{"loc":{"start":{"line":36,"column":12},"end":{"line":36,"column":47}},"type":"if","locations":[{"start":{"line":36,"column":12},"end":{"line":36,"column":47}}]},"1":{"loc":{"start":{"line":39,"column":31},"end":{"line":39,"column":93}},"type":"binary-expr","locations":[{"start":{"line":39,"column":31},"end":{"line":39,"column":50}},{"start":{"line":39,"column":54},"end":{"line":39,"column":87}},{"start":{"line":39,"column":91},"end":{"line":39,"column":93}}]}},"s":{"0":1,"1":1,"2":2,"3":1,"4":1,"5":1,"6":1,"7":0,"8":0,"9":0,"10":0,"11":1,"12":1,"13":1},"f":{"0":2,"1":1,"2":0},"b":{"0":[0],"1":[0,0,0]}}
,"/home/shiki-01/WebstormProjects/serverless/functions/utils/logger.ts": {"path":"/home/shiki-01/WebstormProjects/serverless/functions/utils/logger.ts","statementMap":{"0":{"start":{"line":6,"column":0},"end":{"line":6,"column":16}},"1":{"start":{"line":15,"column":0},"end":{"line":15,"column":16}},"2":{"start":{"line":25,"column":0},"end":{"line":25,"column":7}},"3":{"start":{"line":7,"column":4},"end":{"line":7,"column":72}},"4":{"start":{"line":16,"column":4},"end":{"line":16,"column":48}},"5":{"start":{"line":26,"column":4},"end":{"line":38,"column":5}},"6":{"start":{"line":27,"column":25},"end":{"line":32,"column":10}},"7":{"start":{"line":35,"column":8},"end":{"line":35,"column":60}},"8":{"start":{"line":37,"column":8},"end":{"line":37,"column":35}}},"fnMap":{"0":{"name":"logEvent","decl":{"start":{"line":6,"column":16},"end":{"line":6,"column":24}},"loc":{"start":{"line":6,"column":52},"end":{"line":8,"column":1}}},"1":{"name":"logError","decl":{"start":{"line":15,"column":16},"end":{"line":15,"column":24}},"loc":{"start":{"line":15,"column":52},"end":{"line":17,"column":1}}},"2":{"name":"logActivity","decl":{"start":{"line":25,"column":22},"end":{"line":25,"column":33}},"loc":{"start":{"line":25,"column":83},"end":{"line":39,"column":1}}}},"branchMap":{"0":{"loc":{"start":{"line":7,"column":38},"end":{"line":7,"column":70}},"type":"cond-expr","locations":[{"start":{"line":7,"column":45},"end":{"line":7,"column":65}},{"start":{"line":7,"column":68},"end":{"line":7,"column":70}}]}},"s":{"0":1,"1":1,"2":1,"3":0,"4":1,"5":0,"6":0,"7":0,"8":0},"f":{"0":0,"1":1,"2":0},"b":{"0":[0,0]}}
,"/home/shiki-01/WebstormProjects/serverless/functions/utils/response.ts": {"path":"/home/shiki-01/WebstormProjects/serverless/functions/utils/response.ts","statementMap":{"0":{"start":{"line":9,"column":0},"end":{"line":9,"column":16}},"1":{"start":{"line":10,"column":4},"end":{"line":17,"column":6}}},"fnMap":{"0":{"name":"formatResponse","decl":{"start":{"line":9,"column":16},"end":{"line":9,"column":30}},"loc":{"start":{"line":9,"column":60},"end":{"line":18,"column":1}}}},"branchMap":{},"s":{"0":1,"1":2},"f":{"0":2},"b":{}}
}
