TN:
SF:functions/commandHandler.ts
FN:17,handler
FN:69,analyzeCommand
FN:127,getDeviceInfo
FNF:3
FNH:2
FNDA:2,handler
FNDA:0,analyzeCommand
FNDA:1,getDeviceInfo
DA:1,1
DA:2,1
DA:4,1
DA:5,1
DA:7,1
DA:10,1
DA:13,1
DA:14,1
DA:15,1
DA:17,1
DA:18,2
DA:19,2
DA:21,2
DA:24,2
DA:25,2
DA:27,2
DA:28,1
DA:32,1
DA:33,1
DA:34,0
DA:37,1
DA:40,1
DA:41,1
DA:43,1
DA:44,1
DA:51,0
DA:52,0
DA:55,0
DA:58,0
DA:60,0
DA:61,0
DA:70,0
DA:71,0
DA:102,0
DA:103,0
DA:106,0
DA:107,0
DA:108,0
DA:111,0
DA:113,0
DA:114,0
DA:116,0
DA:118,0
DA:128,1
DA:129,1
DA:131,1
DA:132,1
DA:138,0
DA:143,0
DA:146,0
DA:147,0
LF:51
LH:28
BRDA:13,0,0,1
BRDA:13,0,1,1
BRDA:24,1,0,2
BRDA:24,1,1,0
BRDA:27,2,0,1
BRDA:27,3,0,2
BRDA:27,3,1,2
BRDA:33,4,0,0
BRDA:43,5,0,1
BRDA:107,6,0,0
BRDA:113,7,0,0
BRDA:113,7,1,0
BRDA:129,8,0,1
BRDA:129,8,1,1
BRDA:131,9,0,1
BRF:15
BRH:10
end_of_record
TN:
SF:functions/commands/callStaff.ts
FN:7,callStaff
FNF:1
FNH:0
FNDA:0,callStaff
DA:1,1
DA:4,1
DA:7,1
DA:8,0
DA:9,0
DA:10,0
DA:12,0
DA:13,0
DA:19,0
DA:20,0
DA:27,0
DA:39,0
DA:40,0
DA:62,0
DA:67,0
DA:68,0
LF:16
LH:3
BRDA:10,0,0,0
BRDA:10,0,1,0
BRDA:12,1,0,0
BRDA:19,2,0,0
BRDA:39,3,0,0
BRDA:39,4,0,0
BRDA:39,4,1,0
BRF:7
BRH:0
end_of_record
TN:
SF:functions/commands/emergency.ts
FN:4,reportEmergency
FNF:1
FNH:0
FNDA:0,reportEmergency
DA:4,1
DA:6,0
DA:7,0
DA:9,0
DA:10,0
DA:31,0
DA:37,0
DA:38,0
LF:8
LH:1
BRDA:9,0,0,0
BRF:1
BRH:0
end_of_record
TN:
SF:functions/commands/index.ts
FN:13,getPatientResult
FN:39,executeCommand
FNF:2
FNH:0
FNDA:0,getPatientResult
FNDA:0,executeCommand
DA:2,1
DA:3,1
DA:4,1
DA:5,1
DA:6,1
DA:7,1
DA:8,1
DA:9,1
DA:11,1
DA:13,1
DA:14,0
DA:16,0
DA:17,0
DA:19,0
DA:39,1
DA:40,0
DA:41,0
DA:44,0
DA:45,0
DA:51,0
DA:53,0
DA:56,0
DA:59,0
DA:62,0
DA:65,0
DA:68,0
DA:71,0
DA:77,0
DA:78,0
LF:29
LH:11
BRDA:16,0,0,0
BRDA:16,0,1,0
BRDA:44,1,0,0
BRDA:51,2,0,0
BRDA:51,2,1,0
BRDA:51,2,2,0
BRDA:51,2,3,0
BRDA:51,2,4,0
BRDA:51,2,5,0
BRDA:51,2,6,0
BRF:10
BRH:0
end_of_record
TN:
SF:functions/commands/patientInfo.ts
FN:11,getPatientInfo
FNF:1
FNH:0
FNDA:0,getPatientInfo
DA:2,1
DA:3,1
DA:11,1
DA:12,0
DA:13,0
DA:15,0
DA:16,0
DA:23,0
DA:24,0
DA:25,0
DA:32,0
DA:33,0
DA:34,0
DA:35,0
DA:36,0
DA:41,0
DA:42,0
DA:43,0
DA:44,0
DA:45,0
DA:46,0
DA:47,0
DA:48,0
DA:49,0
DA:53,0
DA:54,0
DA:55,0
DA:60,0
DA:69,0
DA:71,0
LF:30
LH:3
BRDA:15,0,0,0
BRDA:24,1,0,0
BRDA:33,2,0,0
BRDA:35,3,0,0
BRDA:43,4,0,0
BRDA:46,5,0,0
BRDA:47,6,0,0
BRDA:48,7,0,0
BRDA:49,8,0,0
BRDA:54,9,0,0
BRDA:54,10,0,0
BRDA:54,10,1,0
BRF:12
BRH:0
end_of_record
TN:
SF:functions/commands/recordMeal.ts
FN:8,recordMeal
FNF:1
FNH:0
FNDA:0,recordMeal
DA:1,1
DA:2,1
DA:5,1
DA:8,1
DA:9,0
DA:10,0
DA:11,0
DA:13,0
DA:14,0
DA:20,0
DA:21,0
DA:28,0
DA:30,0
DA:31,0
DA:37,0
DA:38,0
DA:44,0
DA:45,0
DA:48,0
DA:61,0
DA:67,0
DA:68,0
DA:69,0
DA:70,0
DA:71,0
DA:73,0
DA:78,0
DA:79,0
LF:28
LH:4
BRDA:11,0,0,0
BRDA:11,0,1,0
BRDA:13,1,0,0
BRDA:13,2,0,0
BRDA:13,2,1,0
BRDA:13,2,2,0
BRDA:20,3,0,0
BRDA:30,4,0,0
BRDA:37,5,0,0
BRDA:37,6,0,0
BRDA:37,6,1,0
BRDA:68,7,0,0
BRDA:69,8,0,0
BRDA:70,9,0,0
BRDA:71,10,0,0
BRF:15
BRH:0
end_of_record
TN:
SF:functions/commands/recordMedicine.ts
FN:7,recordMedicine
FNF:1
FNH:0
FNDA:0,recordMedicine
DA:1,1
DA:4,1
DA:7,1
DA:8,0
DA:9,0
DA:10,0
DA:11,0
DA:13,0
DA:14,0
DA:20,0
DA:21,0
DA:27,0
DA:28,0
DA:35,0
DA:47,0
DA:48,0
DA:54,0
DA:55,0
DA:58,0
DA:72,0
DA:77,0
DA:82,0
DA:83,0
LF:23
LH:3
BRDA:10,0,0,0
BRDA:10,0,1,0
BRDA:11,1,0,0
BRDA:11,1,1,0
BRDA:13,2,0,0
BRDA:13,3,0,0
BRDA:13,3,1,0
BRDA:20,4,0,0
BRDA:27,5,0,0
BRDA:47,6,0,0
BRDA:47,7,0,0
BRDA:47,7,1,0
BRDA:64,8,0,0
BRDA:64,8,1,0
BRDA:65,9,0,0
BRDA:65,9,1,0
BRF:16
BRH:0
end_of_record
TN:
SF:functions/commands/recordVital.ts
FN:9,recordVitalSigns
FNF:1
FNH:0
FNDA:0,recordVitalSigns
DA:1,1
DA:2,1
DA:3,1
DA:6,1
DA:9,1
DA:10,0
DA:11,0
DA:13,0
DA:14,0
DA:21,0
DA:23,0
DA:24,0
DA:30,0
DA:31,0
DA:34,0
DA:48,0
DA:51,0
DA:52,0
DA:57,0
DA:58,0
DA:59,0
DA:60,0
DA:62,0
DA:67,0
DA:68,0
DA:72,0
DA:73,0
DA:77,0
DA:78,0
DA:81,0
DA:87,0
DA:89,0
DA:90,0
DA:97,0
DA:103,0
DA:104,0
DA:106,0
DA:107,0
DA:108,0
DA:109,0
DA:110,0
DA:111,0
DA:112,0
DA:113,0
DA:114,0
DA:115,0
DA:116,0
DA:117,0
DA:120,0
DA:125,0
DA:126,0
LF:51
LH:5
BRDA:13,0,0,0
BRDA:13,1,0,0
BRDA:13,1,1,0
BRDA:13,1,2,0
BRDA:23,2,0,0
BRDA:23,3,0,0
BRDA:23,3,1,0
BRDA:23,3,2,0
BRDA:30,4,0,0
BRDA:30,4,1,0
BRDA:48,5,0,0
BRDA:48,5,1,0
BRDA:48,5,2,0
BRDA:48,5,3,0
BRDA:48,5,4,0
BRDA:48,5,5,0
BRDA:48,5,6,0
BRDA:48,5,7,0
BRDA:48,5,8,0
BRDA:48,5,9,0
BRDA:48,5,10,0
BRDA:48,5,11,0
BRDA:58,6,0,0
BRDA:87,7,0,0
BRDA:87,7,1,0
BRDA:89,8,0,0
BRDA:106,9,0,0
BRDA:106,9,1,0
BRDA:106,10,0,0
BRDA:106,10,1,0
BRDA:109,11,0,0
BRDA:109,11,1,0
BRDA:109,12,0,0
BRDA:109,12,1,0
BRDA:112,13,0,0
BRDA:112,13,1,0
BRDA:112,14,0,0
BRDA:112,14,1,0
BRDA:112,14,2,0
BRDA:115,15,0,0
BRDA:115,16,0,0
BRDA:115,16,1,0
BRF:42
BRH:0
end_of_record
TN:
SF:functions/services/aiService.ts
FN:16,(anonymous_0)
FNF:1
FNH:0
FNDA:0,(anonymous_0)
DA:1,1
DA:3,1
DA:7,1
DA:8,1
DA:15,1
DA:17,0
DA:18,0
DA:49,0
DA:50,0
DA:53,0
DA:54,0
DA:55,0
DA:58,0
DA:64,0
DA:65,0
LF:15
LH:5
BRDA:7,0,0,1
BRDA:7,0,1,1
BRDA:54,1,0,0
BRF:3
BRH:2
end_of_record
TN:
SF:functions/services/dataService.ts
FN:15,(anonymous_0)
FN:38,(anonymous_1)
FN:61,(anonymous_2)
FN:92,(anonymous_3)
FN:116,(anonymous_4)
FN:146,(anonymous_5)
FN:164,(anonymous_6)
FN:168,(anonymous_7)
FN:172,(anonymous_8)
FNF:9
FNH:0
FNDA:0,(anonymous_0)
FNDA:0,(anonymous_1)
FNDA:0,(anonymous_2)
FNDA:0,(anonymous_3)
FNDA:0,(anonymous_4)
FNDA:0,(anonymous_5)
FNDA:0,(anonymous_6)
FNDA:0,(anonymous_7)
FNDA:0,(anonymous_8)
DA:3,1
DA:4,1
DA:6,1
DA:8,1
DA:16,0
DA:17,0
DA:22,0
DA:23,0
DA:26,0
DA:28,0
DA:29,0
DA:39,0
DA:40,0
DA:45,0
DA:46,0
DA:49,0
DA:51,0
DA:52,0
DA:62,0
DA:63,0
DA:75,0
DA:76,0
DA:79,0
DA:81,0
DA:82,0
DA:93,0
DA:94,0
DA:104,0
DA:106,0
DA:107,0
DA:117,0
DA:118,0
DA:130,0
DA:131,0
DA:134,0
DA:136,0
DA:137,0
DA:147,0
DA:148,0
DA:153,0
DA:154,0
DA:157,0
DA:159,0
DA:160,0
DA:165,0
DA:169,0
DA:173,0
LF:47
LH:4
BRDA:18,0,0,0
BRDA:18,0,1,0
BRDA:22,1,0,0
BRDA:41,2,0,0
BRDA:41,2,1,0
BRDA:45,3,0,0
BRDA:64,4,0,0
BRDA:64,4,1,0
BRDA:75,5,0,0
BRDA:75,6,0,0
BRDA:75,6,1,0
BRDA:95,7,0,0
BRDA:95,7,1,0
BRDA:104,8,0,0
BRDA:104,8,1,0
BRDA:119,9,0,0
BRDA:119,9,1,0
BRDA:130,10,0,0
BRDA:130,11,0,0
BRDA:130,11,1,0
BRDA:149,12,0,0
BRDA:149,12,1,0
BRDA:153,13,0,0
BRF:23
BRH:0
end_of_record
TN:
SF:functions/services/serviceFactory.ts
FN:18,(anonymous_0)
FN:23,(anonymous_1)
FN:34,(anonymous_2)
FN:41,(anonymous_3)
FN:48,(anonymous_4)
FN:55,(anonymous_5)
FN:61,(anonymous_6)
FNF:7
FNH:2
FNDA:0,(anonymous_0)
FNDA:2,(anonymous_1)
FNDA:0,(anonymous_2)
FNDA:0,(anonymous_3)
FNDA:0,(anonymous_4)
FNDA:0,(anonymous_5)
FNDA:2,(anonymous_6)
DA:7,1
DA:8,1
DA:9,1
DA:13,1
DA:14,1
DA:15,1
DA:18,1
DA:19,0
DA:23,1
DA:28,2
DA:29,2
DA:30,2
DA:34,1
DA:35,0
DA:36,0
DA:38,0
DA:41,1
DA:42,0
DA:43,0
DA:45,0
DA:48,1
DA:49,0
DA:50,0
DA:52,0
DA:55,1
DA:56,0
DA:57,0
DA:61,1
DA:62,2
DA:63,2
DA:64,2
LF:31
LH:19
BRDA:28,0,0,2
BRDA:29,1,0,2
BRDA:30,2,0,2
BRDA:35,3,0,0
BRDA:42,4,0,0
BRDA:49,5,0,0
BRF:6
BRH:3
end_of_record
TN:
SF:functions/services/speechService.ts
FN:8,(anonymous_9)
FN:14,(anonymous_10)
FN:39,(anonymous_11)
FNF:3
FNH:2
FNDA:2,(anonymous_9)
FNDA:1,(anonymous_10)
FNDA:0,(anonymous_11)
DA:2,1
DA:3,1
DA:5,1
DA:9,2
DA:15,1
DA:17,1
DA:20,1
DA:35,1
DA:36,0
DA:38,0
DA:39,0
DA:42,1
DA:43,1
LF:13
LH:10
BRDA:36,0,0,0
BRDA:39,1,0,0
BRDA:39,1,1,0
BRDA:39,1,2,0
BRF:4
BRH:0
end_of_record
TN:
SF:functions/utils/logger.ts
FN:6,logEvent
FN:15,logError
FN:25,logActivity
FNF:3
FNH:1
FNDA:0,logEvent
FNDA:1,logError
FNDA:0,logActivity
DA:6,1
DA:7,0
DA:15,1
DA:16,1
DA:25,1
DA:26,0
DA:27,0
DA:35,0
DA:37,0
LF:9
LH:4
BRDA:7,0,0,0
BRDA:7,0,1,0
BRF:2
BRH:0
end_of_record
TN:
SF:functions/utils/response.ts
FN:9,formatResponse
FNF:1
FNH:1
FNDA:2,formatResponse
DA:9,1
DA:10,2
LF:2
LH:2
BRF:0
BRH:0
end_of_record
